d:\documents\visual studio 2013\projects\opencv_image_processing\opencv_image_processing\x64\debug\vc120.pdb
d:\documents\visual studio 2013\projects\opencv_image_processing\opencv_image_processing\x64\debug\vc120.idb
d:\documents\visual studio 2013\projects\opencv_image_processing\opencv_image_processing\x64\debug\opencv_ip.obj
d:\documents\visual studio 2013\projects\opencv_image_processing\opencv_image_processing\x64\debug\jp2processing.obj
d:\documents\visual studio 2013\projects\opencv_image_processing\x64\debug\opencv_image_processing.ilk
d:\documents\visual studio 2013\projects\opencv_image_processing\x64\debug\opencv_image_processing.exe
d:\documents\visual studio 2013\projects\opencv_image_processing\x64\debug\opencv_image_processing.pdb
d:\documents\visual studio 2013\projects\opencv_image_processing\x64\debug\opencv_image_processing.lib
d:\documents\visual studio 2013\projects\opencv_image_processing\x64\debug\opencv_image_processing.exp
d:\documents\visual studio 2013\projects\opencv_image_processing\opencv_image_processing\x64\debug\opencv_image_processing.res
d:\documents\visual studio 2013\projects\opencv_image_processing\opencv_image_processing\x64\debug\opencv_i.6865ec66.tlog\cl.command.1.tlog
d:\documents\visual studio 2013\projects\opencv_image_processing\opencv_image_processing\x64\debug\opencv_i.6865ec66.tlog\cl.read.1.tlog
d:\documents\visual studio 2013\projects\opencv_image_processing\opencv_image_processing\x64\debug\opencv_i.6865ec66.tlog\cl.write.1.tlog
d:\documents\visual studio 2013\projects\opencv_image_processing\opencv_image_processing\x64\debug\opencv_i.6865ec66.tlog\link.command.1.tlog
d:\documents\visual studio 2013\projects\opencv_image_processing\opencv_image_processing\x64\debug\opencv_i.6865ec66.tlog\link.read.1.tlog
d:\documents\visual studio 2013\projects\opencv_image_processing\opencv_image_processing\x64\debug\opencv_i.6865ec66.tlog\link.write.1.tlog
d:\documents\visual studio 2013\projects\opencv_image_processing\opencv_image_processing\x64\debug\opencv_i.6865ec66.tlog\opencv_image_processing.write.1u.tlog
d:\documents\visual studio 2013\projects\opencv_image_processing\opencv_image_processing\x64\debug\opencv_i.6865ec66.tlog\rc.command.1.tlog
d:\documents\visual studio 2013\projects\opencv_image_processing\opencv_image_processing\x64\debug\opencv_i.6865ec66.tlog\rc.read.1.tlog
d:\documents\visual studio 2013\projects\opencv_image_processing\opencv_image_processing\x64\debug\opencv_i.6865ec66.tlog\rc.write.1.tlog
